<?xml version="1.0" encoding="UTF-8"?>
<!-- Generated by org.testng.reporters.JUnitReportReporter -->
<testsuite hostname="AsplapSI70" failures="0" tests="1" name="com.framework.tests.ModelTest" time="10.799" errors="0" timestamp="2024-08-01T11:27:12 SGT" skipped="0">
  <testcase classname="com.framework.tests.ModelTest" name="enterTestDriveBookingValuest" time="10.799"/>
  <system-out/>
</testsuite> <!-- com.framework.tests.ModelTest -->
